Arguments: 
  C:\Program Files\nodejs\node.exe C:\Users\abdul\AppData\Roaming\npm\node_modules\yarn\bin\yarn.js add cookie-parser cors dotenv exoress express-async-handler express-oauth2-jwt-bearer nodemon prisma @prisma/client

PATH: 
  C:\Users\abdul\bin;C:\Program Files\Git\mingw64\bin;C:\Program Files\Git\usr\local\bin;C:\Program Files\Git\usr\bin;C:\Program Files\Git\usr\bin;C:\Program Files\Git\mingw64\bin;C:\Program Files\Git\usr\bin;C:\Users\abdul\bin;C:\Python311\Scripts;C:\Python311;C:\Windows\system32;C:\Windows;C:\Windows\System32\Wbem;C:\Windows\System32\WindowsPowerShell\v1.0;C:\Windows\System32\OpenSSH;C:\Program Files (x86)\NVIDIA Corporation\PhysX\Common;C:\Program Files\Git\cmd;C:\WINDOWS\system32;C:\WINDOWS;C:\WINDOWS\System32\Wbem;C:\WINDOWS\System32\WindowsPowerShell\v1.0;C:\WINDOWS\System32\OpenSSH;C:\Program Files\NVIDIA Corporation\NVIDIA NvDLISR;C:\Program Files\nodejs;C:\ProgramData\chocolatey\bin;C:\Users\abdul\AppData\Local\Programs\Python\Python310\Scripts;C:\Users\abdul\AppData\Local\Programs\Python\Python310;C:\Users\abdul\AppData\Local\Microsoft\WindowsApps;C:\Users\abdul\AppData\Local\Programs\Microsoft VS Code\bin;C:\Users\abdul\AppData\Roaming\npm;C:\Program Files\Git\usr\bin\vendor_perl;C:\Program Files\Git\usr\bin\core_perl

Yarn version: 
  1.22.19

Node version: 
  18.16.0

Platform: 
  win32 x64

Trace: 
  Error: https://registry.yarnpkg.com/exoress: Not found
      at params.callback [as _callback] (C:\Users\abdul\AppData\Roaming\npm\node_modules\yarn\lib\cli.js:66145:18)
      at self.callback (C:\Users\abdul\AppData\Roaming\npm\node_modules\yarn\lib\cli.js:140890:22)
      at Request.emit (node:events:513:28)
      at Request.<anonymous> (C:\Users\abdul\AppData\Roaming\npm\node_modules\yarn\lib\cli.js:141862:10)
      at Request.emit (node:events:513:28)
      at IncomingMessage.<anonymous> (C:\Users\abdul\AppData\Roaming\npm\node_modules\yarn\lib\cli.js:141784:12)
      at Object.onceWrapper (node:events:627:28)
      at IncomingMessage.emit (node:events:525:35)
      at endReadableNT (node:internal/streams/readable:1359:12)
      at process.processTicksAndRejections (node:internal/process/task_queues:82:21)

npm manifest: 
<<<<<<< HEAD
  {
    "name": "server",
    "version": "1.0.0",
    "main": "index.js",
    "license": "MIT"
=======
  {
    "name": "server",
    "version": "1.0.0",
    "main": "index.js",
    "license": "MIT"
>>>>>>> 9240acf (Started Integrating both ends)
  }

yarn manifest: 
  No manifest

Lockfile: 
  No lockfile
